  Animation.c
  AnimationState.c
  AnimationStateData.c
  Array.c
  Atlas.c
  AtlasAttachmentLoader.c
  Attachment.c
  AttachmentLoader.c
  Bone.c
  BoneData.c
  BoundingBoxAttachment.c
  ClippingAttachment.c
  Color.c
  Event.c
  EventData.c
  extension.c
  IkConstraint.c
  IkConstraintData.c
  Json.c
  MeshAttachment.c
  PathAttachment.c
  PathConstraint.c
  PathConstraintData.c
  PointAttachment.c
  RegionAttachment.c
  Skeleton.c
  SkeletonBinary.c
  SkeletonBounds.c
  SkeletonClipping.c
  SkeletonData.c
  SkeletonJson.c
  Skin.c
  Slot.c
  SlotData.c
  TransformConstraint.c
  TransformConstraintData.c
D:\BaiduNetdiskDownload\cocos2d-x-3.17.2\cocococo\mybs\cocos2d\cocos\editor-support\spine\SkeletonBinary.c(310,24): warning C4018: “<”: 有符号/无符号不匹配
D:\BaiduNetdiskDownload\cocos2d-x-3.17.2\cocococo\mybs\cocos2d\cocos\editor-support\spine\SkeletonBinary.c(372,24): warning C4018: “<”: 有符号/无符号不匹配
D:\BaiduNetdiskDownload\cocos2d-x-3.17.2\cocococo\mybs\cocos2d\cocos\editor-support\spine\SkeletonBinary.c(484,26): warning C4018: “<”: 有符号/无符号不匹配
D:\BaiduNetdiskDownload\cocos2d-x-3.17.2\cocococo\mybs\cocos2d\cocos\editor-support\spine\SkeletonBinary.c(649,2): warning C4018: “<”: 有符号/无符号不匹配
D:\BaiduNetdiskDownload\cocos2d-x-3.17.2\cocococo\mybs\cocos2d\cocos\editor-support\spine\SkeletonBinary.c(652,2): warning C4018: “<”: 有符号/无符号不匹配
  Triangulator.c
  VertexAttachment.c
  VertexEffect.c
D:\BaiduNetdiskDownload\cocos2d-x-3.17.2\cocococo\mybs\cocos2d\cocos\editor-support\spine\SkeletonJson.c(97,12): warning C4018: “>=”: 有符号/无符号不匹配
  libSpine.vcxproj -> D:\BaiduNetdiskDownload\cocos2d-x-3.17.2\cocococo\mybs\proj.win32\Debug.win32\libSpine.lib
